2023-01-25 13:13:26.985  INFO 3028 --- [main] kr.co.sboard.SboardApplicationTests      : Starting SboardApplicationTests using Java 17.0.5 on DESKTOP-QOTDKI5 with PID 3028 (started by java1 in C:\Users\java1\Desktop\WorkSapce1\SpringBoot\Sboard)
2023-01-25 13:13:26.995  INFO 3028 --- [main] kr.co.sboard.SboardApplicationTests      : No active profile set, falling back to 1 default profile: "default"
2023-01-25 13:13:27.946  INFO 3028 --- [main] .s.d.r.c.RepositoryConfigurationDelegate : Bootstrapping Spring Data JPA repositories in DEFAULT mode.
2023-01-25 13:13:28.026  INFO 3028 --- [main] .s.d.r.c.RepositoryConfigurationDelegate : Finished Spring Data repository scanning in 62 ms. Found 1 JPA repository interfaces.
2023-01-25 13:13:28.781  INFO 3028 --- [main] o.hibernate.jpa.internal.util.LogHelper  : HHH000204: Processing PersistenceUnitInfo [name: default]
2023-01-25 13:13:28.853  INFO 3028 --- [main] org.hibernate.Version                    : HHH000412: Hibernate ORM core version 5.6.14.Final
2023-01-25 13:13:29.043  INFO 3028 --- [main] o.hibernate.annotations.common.Version   : HCANN000001: Hibernate Commons Annotations {5.1.2.Final}
2023-01-25 13:13:29.209  INFO 3028 --- [main] com.zaxxer.hikari.HikariDataSource       : HikariPool-1 - Starting...
2023-01-25 13:13:29.594  INFO 3028 --- [main] com.zaxxer.hikari.HikariDataSource       : HikariPool-1 - Start completed.
2023-01-25 13:13:29.616  INFO 3028 --- [main] org.hibernate.dialect.Dialect            : HHH000400: Using dialect: org.hibernate.dialect.MySQL5InnoDBDialect
2023-01-25 13:13:30.295  INFO 3028 --- [main] o.h.e.t.j.p.i.JtaPlatformInitiator       : HHH000490: Using JtaPlatform implementation: [org.hibernate.engine.transaction.jta.platform.internal.NoJtaPlatform]
2023-01-25 13:13:30.304  INFO 3028 --- [main] j.LocalContainerEntityManagerFactoryBean : Initialized JPA EntityManagerFactory for persistence unit 'default'
2023-01-25 13:13:30.687  WARN 3028 --- [main] JpaBaseConfiguration$JpaWebConfiguration : spring.jpa.open-in-view is enabled by default. Therefore, database queries may be performed during view rendering. Explicitly configure spring.jpa.open-in-view to disable this warning
2023-01-25 13:13:31.421  INFO 3028 --- [main] o.s.s.web.DefaultSecurityFilterChain     : Will secure any request with [org.springframework.security.web.session.DisableEncodeUrlFilter@cc91fe3, org.springframework.security.web.context.request.async.WebAsyncManagerIntegrationFilter@481c1e92, org.springframework.security.web.context.SecurityContextPersistenceFilter@7a22302c, org.springframework.security.web.header.HeaderWriterFilter@1c571162, org.springframework.security.web.authentication.logout.LogoutFilter@1c09bb7a, org.springframework.security.web.authentication.UsernamePasswordAuthenticationFilter@71689ee2, org.springframework.security.web.savedrequest.RequestCacheAwareFilter@23eb6d13, org.springframework.security.web.servletapi.SecurityContextHolderAwareRequestFilter@24ac87a, org.springframework.security.web.authentication.AnonymousAuthenticationFilter@66f223fa, org.springframework.security.web.session.SessionManagementFilter@51d9479c, org.springframework.security.web.access.ExceptionTranslationFilter@642d971f, org.springframework.security.web.access.intercept.FilterSecurityInterceptor@3a225534]
2023-01-25 13:13:32.272  INFO 3028 --- [main] kr.co.sboard.SboardApplicationTests      : Started SboardApplicationTests in 5.64 seconds (JVM running for 6.719)
2023-01-25 13:13:32.627  INFO 3028 --- [main] kr.co.sboard.SboardApplicationTests      : result :1
2023-01-25 13:13:32.727  INFO 3028 --- [SpringApplicationShutdownHook] j.LocalContainerEntityManagerFactoryBean : Closing JPA EntityManagerFactory for persistence unit 'default'
2023-01-25 13:13:32.732  INFO 3028 --- [SpringApplicationShutdownHook] com.zaxxer.hikari.HikariDataSource       : HikariPool-1 - Shutdown initiated...
2023-01-25 13:13:32.746  INFO 3028 --- [SpringApplicationShutdownHook] com.zaxxer.hikari.HikariDataSource       : HikariPool-1 - Shutdown completed.
2023-01-25 13:17:30.026  INFO 8276 --- [main] kr.co.sboard.SboardApplicationTests      : Starting SboardApplicationTests using Java 17.0.5 on DESKTOP-QOTDKI5 with PID 8276 (started by java1 in C:\Users\java1\Desktop\WorkSapce1\SpringBoot\Sboard)
2023-01-25 13:17:30.028  INFO 8276 --- [main] kr.co.sboard.SboardApplicationTests      : No active profile set, falling back to 1 default profile: "default"
2023-01-25 13:17:30.723  INFO 8276 --- [main] .s.d.r.c.RepositoryConfigurationDelegate : Bootstrapping Spring Data JPA repositories in DEFAULT mode.
2023-01-25 13:17:30.786  INFO 8276 --- [main] .s.d.r.c.RepositoryConfigurationDelegate : Finished Spring Data repository scanning in 53 ms. Found 1 JPA repository interfaces.
2023-01-25 13:17:31.650  INFO 8276 --- [main] o.hibernate.jpa.internal.util.LogHelper  : HHH000204: Processing PersistenceUnitInfo [name: default]
2023-01-25 13:17:31.719  INFO 8276 --- [main] org.hibernate.Version                    : HHH000412: Hibernate ORM core version 5.6.14.Final
2023-01-25 13:17:31.898  INFO 8276 --- [main] o.hibernate.annotations.common.Version   : HCANN000001: Hibernate Commons Annotations {5.1.2.Final}
2023-01-25 13:17:32.055  INFO 8276 --- [main] com.zaxxer.hikari.HikariDataSource       : HikariPool-1 - Starting...
2023-01-25 13:17:32.327  INFO 8276 --- [main] com.zaxxer.hikari.HikariDataSource       : HikariPool-1 - Start completed.
2023-01-25 13:17:32.343  INFO 8276 --- [main] org.hibernate.dialect.Dialect            : HHH000400: Using dialect: org.hibernate.dialect.MySQL5InnoDBDialect
2023-01-25 13:17:33.012  INFO 8276 --- [main] o.h.e.t.j.p.i.JtaPlatformInitiator       : HHH000490: Using JtaPlatform implementation: [org.hibernate.engine.transaction.jta.platform.internal.NoJtaPlatform]
2023-01-25 13:17:33.022  INFO 8276 --- [main] j.LocalContainerEntityManagerFactoryBean : Initialized JPA EntityManagerFactory for persistence unit 'default'
2023-01-25 13:17:33.354  WARN 8276 --- [main] JpaBaseConfiguration$JpaWebConfiguration : spring.jpa.open-in-view is enabled by default. Therefore, database queries may be performed during view rendering. Explicitly configure spring.jpa.open-in-view to disable this warning
2023-01-25 13:17:33.986  INFO 8276 --- [main] o.s.s.web.DefaultSecurityFilterChain     : Will secure any request with [org.springframework.security.web.session.DisableEncodeUrlFilter@6f926d01, org.springframework.security.web.context.request.async.WebAsyncManagerIntegrationFilter@c67a89, org.springframework.security.web.context.SecurityContextPersistenceFilter@18918d70, org.springframework.security.web.header.HeaderWriterFilter@5d67bf4d, org.springframework.security.web.authentication.logout.LogoutFilter@5ca3acad, org.springframework.security.web.authentication.UsernamePasswordAuthenticationFilter@6cb417fc, org.springframework.security.web.savedrequest.RequestCacheAwareFilter@7c07023, org.springframework.security.web.servletapi.SecurityContextHolderAwareRequestFilter@41f5389f, org.springframework.security.web.authentication.AnonymousAuthenticationFilter@1e3a2177, org.springframework.security.web.session.SessionManagementFilter@75507e68, org.springframework.security.web.access.ExceptionTranslationFilter@4edd8a0a, org.springframework.security.web.access.intercept.FilterSecurityInterceptor@2689b752]
2023-01-25 13:17:34.781  INFO 8276 --- [main] kr.co.sboard.SboardApplicationTests      : Started SboardApplicationTests in 5.057 seconds (JVM running for 6.075)
2023-01-25 13:17:35.194  INFO 8276 --- [main] kr.co.sboard.SboardApplicationTests      : result :1
2023-01-25 13:17:35.368  INFO 8276 --- [SpringApplicationShutdownHook] j.LocalContainerEntityManagerFactoryBean : Closing JPA EntityManagerFactory for persistence unit 'default'
2023-01-25 13:17:35.370  INFO 8276 --- [SpringApplicationShutdownHook] com.zaxxer.hikari.HikariDataSource       : HikariPool-1 - Shutdown initiated...
2023-01-25 13:17:35.378  INFO 8276 --- [SpringApplicationShutdownHook] com.zaxxer.hikari.HikariDataSource       : HikariPool-1 - Shutdown completed.
2023-01-25 13:20:35.664  INFO 11520 --- [restartedMain] kr.co.sboard.SboardApplication           : Starting SboardApplication using Java 17.0.5 on DESKTOP-QOTDKI5 with PID 11520 (C:\Users\java1\Desktop\WorkSapce1\SpringBoot\Sboard\target\classes started by java1 in C:\Users\java1\Desktop\WorkSapce1\SpringBoot\Sboard)
2023-01-25 13:20:35.666  INFO 11520 --- [restartedMain] kr.co.sboard.SboardApplication           : No active profile set, falling back to 1 default profile: "default"
2023-01-25 13:20:35.718  INFO 11520 --- [restartedMain] .e.DevToolsPropertyDefaultsPostProcessor : Devtools property defaults active! Set 'spring.devtools.add-properties' to 'false' to disable
2023-01-25 13:20:35.718  INFO 11520 --- [restartedMain] .e.DevToolsPropertyDefaultsPostProcessor : For additional web related logging consider setting the 'logging.level.web' property to 'DEBUG'
2023-01-25 13:20:36.271  INFO 11520 --- [restartedMain] .s.d.r.c.RepositoryConfigurationDelegate : Bootstrapping Spring Data JPA repositories in DEFAULT mode.
2023-01-25 13:20:36.317  INFO 11520 --- [restartedMain] .s.d.r.c.RepositoryConfigurationDelegate : Finished Spring Data repository scanning in 36 ms. Found 1 JPA repository interfaces.
2023-01-25 13:20:36.855  INFO 11520 --- [restartedMain] o.s.b.w.embedded.tomcat.TomcatWebServer  : Tomcat initialized with port(s): 8181 (http)
2023-01-25 13:20:36.866  INFO 11520 --- [restartedMain] o.apache.catalina.core.StandardService   : Starting service [Tomcat]
2023-01-25 13:20:36.866  INFO 11520 --- [restartedMain] org.apache.catalina.core.StandardEngine  : Starting Servlet engine: [Apache Tomcat/9.0.70]
2023-01-25 13:20:36.946  INFO 11520 --- [restartedMain] o.a.c.c.C.[.[localhost].[/Sboard]        : Initializing Spring embedded WebApplicationContext
2023-01-25 13:20:36.946  INFO 11520 --- [restartedMain] w.s.c.ServletWebServerApplicationContext : Root WebApplicationContext: initialization completed in 1228 ms
2023-01-25 13:20:37.007  WARN 11520 --- [restartedMain] o.a.c.c.C.[.[localhost].[/Sboard]        : Cannot deserialize session attribute [SPRING_SECURITY_CONTEXT] for session [407E8BE0C45EA8B0AD597401390F197F]
2023-01-25 13:20:37.143  INFO 11520 --- [restartedMain] o.hibernate.jpa.internal.util.LogHelper  : HHH000204: Processing PersistenceUnitInfo [name: default]
2023-01-25 13:20:37.189  INFO 11520 --- [restartedMain] org.hibernate.Version                    : HHH000412: Hibernate ORM core version 5.6.14.Final
2023-01-25 13:20:37.335  INFO 11520 --- [restartedMain] o.hibernate.annotations.common.Version   : HCANN000001: Hibernate Commons Annotations {5.1.2.Final}
2023-01-25 13:20:37.432  INFO 11520 --- [restartedMain] com.zaxxer.hikari.HikariDataSource       : HikariPool-1 - Starting...
2023-01-25 13:20:37.708  INFO 11520 --- [restartedMain] com.zaxxer.hikari.HikariDataSource       : HikariPool-1 - Start completed.
2023-01-25 13:20:37.724  INFO 11520 --- [restartedMain] org.hibernate.dialect.Dialect            : HHH000400: Using dialect: org.hibernate.dialect.MySQL5InnoDBDialect
2023-01-25 13:20:38.275  INFO 11520 --- [restartedMain] o.h.e.t.j.p.i.JtaPlatformInitiator       : HHH000490: Using JtaPlatform implementation: [org.hibernate.engine.transaction.jta.platform.internal.NoJtaPlatform]
2023-01-25 13:20:38.283  INFO 11520 --- [restartedMain] j.LocalContainerEntityManagerFactoryBean : Initialized JPA EntityManagerFactory for persistence unit 'default'
2023-01-25 13:20:38.557  WARN 11520 --- [restartedMain] JpaBaseConfiguration$JpaWebConfiguration : spring.jpa.open-in-view is enabled by default. Therefore, database queries may be performed during view rendering. Explicitly configure spring.jpa.open-in-view to disable this warning
2023-01-25 13:20:38.957  INFO 11520 --- [restartedMain] o.s.s.web.DefaultSecurityFilterChain     : Will secure any request with [org.springframework.security.web.session.DisableEncodeUrlFilter@1b4c047d, org.springframework.security.web.context.request.async.WebAsyncManagerIntegrationFilter@1dc2c36f, org.springframework.security.web.context.SecurityContextPersistenceFilter@2e9c2d22, org.springframework.security.web.header.HeaderWriterFilter@1f759663, org.springframework.security.web.authentication.logout.LogoutFilter@44e8d76, org.springframework.security.web.authentication.UsernamePasswordAuthenticationFilter@7a92ffea, org.springframework.security.web.savedrequest.RequestCacheAwareFilter@1de1bd58, org.springframework.security.web.servletapi.SecurityContextHolderAwareRequestFilter@20fbddda, org.springframework.security.web.authentication.AnonymousAuthenticationFilter@52e5b1b4, org.springframework.security.web.session.SessionManagementFilter@146c1261, org.springframework.security.web.access.ExceptionTranslationFilter@189b2e85, org.springframework.security.web.access.intercept.FilterSecurityInterceptor@3b1e8544]
2023-01-25 13:20:39.254  WARN 11520 --- [restartedMain] o.s.b.d.a.OptionalLiveReloadServer       : Unable to start LiveReload server
2023-01-25 13:20:39.277  WARN 11520 --- [restartedMain] ConfigServletWebServerApplicationContext : Exception encountered during context initialization - cancelling refresh attempt: org.springframework.context.ApplicationContextException: Failed to start bean 'webServerStartStop'; nested exception is org.springframework.boot.web.server.PortInUseException: Port 8181 is already in use
2023-01-25 13:20:39.279  INFO 11520 --- [restartedMain] j.LocalContainerEntityManagerFactoryBean : Closing JPA EntityManagerFactory for persistence unit 'default'
2023-01-25 13:20:39.281  INFO 11520 --- [restartedMain] com.zaxxer.hikari.HikariDataSource       : HikariPool-1 - Shutdown initiated...
2023-01-25 13:20:39.290  INFO 11520 --- [restartedMain] com.zaxxer.hikari.HikariDataSource       : HikariPool-1 - Shutdown completed.
2023-01-25 13:20:39.291  INFO 11520 --- [restartedMain] o.apache.catalina.core.StandardService   : Stopping service [Tomcat]
2023-01-25 13:20:39.303  INFO 11520 --- [restartedMain] ConditionEvaluationReportLoggingListener : 

Error starting ApplicationContext. To display the conditions report re-run your application with 'debug' enabled.
2023-01-25 13:20:39.322 ERROR 11520 --- [restartedMain] o.s.b.d.LoggingFailureAnalysisReporter   : 

***************************
APPLICATION FAILED TO START
***************************

Description:

Web server failed to start. Port 8181 was already in use.

Action:

Identify and stop the process that's listening on port 8181 or configure this application to listen on another port.

